<?xml version="1.0" encoding="UTF-8"?>
<!-- Generated by org.testng.reporters.JUnitXMLReporter -->
<testsuite ignored="0" hostname="Eidita" failures="0" tests="2" name="Default test" time="15.928" errors="0" timestamp="2023-09-24T13:31:23 EDT">
  <testcase classname="com.fabook.pageObjectModel_LoginTests.LoginTest" name="validLoginTest" time="0.417"/>
  <testcase classname="com.fabook.pageObjectModel_LoginTests.LoginTest" name="invalidLoginTest" time="0.375"/>
</testsuite> <!-- Default test -->
