<?xml version="1.0" encoding="UTF-8"?>
<testng-results ignored="0" total="1" passed="1" failed="0" skipped="0">
  <reporter-output>
  </reporter-output>
  <suite started-at="2023-09-30T13:06:14 EDT" name="Default suite" finished-at="2023-09-30T13:06:23 EDT" duration-ms="8670">
    <groups>
    </groups>
    <test started-at="2023-09-30T13:06:14 EDT" name="Default test" finished-at="2023-09-30T13:06:23 EDT" duration-ms="8670">
      <class name="com.facebook.pom_PageFactory.LoginTestWithPageFactory">
        <test-method is-config="true" signature="openApp()[pri:0, instance:com.facebook.pom_PageFactory.LoginTestWithPageFactory@59474f18]" started-at="2023-09-30T13:06:14 EDT" name="openApp" finished-at="2023-09-30T13:06:22 EDT" duration-ms="7252" status="PASS">
          <reporter-output>
          </reporter-output>
        </test-method> <!-- openApp -->
        <test-method signature="validLoginTest()[pri:0, instance:com.facebook.pom_PageFactory.LoginTestWithPageFactory@59474f18]" started-at="2023-09-30T13:06:22 EDT" name="validLoginTest" finished-at="2023-09-30T13:06:22 EDT" duration-ms="329" status="PASS">
          <reporter-output>
          </reporter-output>
        </test-method> <!-- validLoginTest -->
        <test-method is-config="true" signature="closeApp()[pri:0, instance:com.facebook.pom_PageFactory.LoginTestWithPageFactory@59474f18]" started-at="2023-09-30T13:06:22 EDT" name="closeApp" finished-at="2023-09-30T13:06:23 EDT" duration-ms="1015" status="PASS">
          <reporter-output>
          </reporter-output>
        </test-method> <!-- closeApp -->
      </class> <!-- com.facebook.pom_PageFactory.LoginTestWithPageFactory -->
    </test> <!-- Default test -->
  </suite> <!-- Default suite -->
</testng-results>
